C51 COMPILER V8.02   MAIN                                                                  01/16/2017 11:53:16 PAGE 1   


C51 COMPILER V8.02, COMPILATION OF MODULE MAIN
OBJECT MODULE PLACED IN ..\output\main.obj
COMPILER INVOKED BY: D:\Program Files (x86)\Keil\C51\BIN\C51.EXE main.c BROWSE INCDIR(..\PERIPHERALS\INC\) DEBUG OBJECTE
                    -XTEND PRINT(..\lis\main.lst) OBJECT(..\output\main.obj)

line level    source

   1          #include <reg52.h>
   2          #include "usart.h"
   3          #include "iic.h"  
   4          /*
   5          硬件接法：
   6          GY-53----C51
   7          PWM_input---P3^7
   8          C51---FT232
   9          TX ---RX
  10          RX ---TX
  11          软件说明：
  12          该程序采用PWM进行读取数据 ,距离=高电平时间(us)/10
  13          
  14          联系方式：
  15          http://shop62474960.taobao.com/?spm=a230r.7195193.1997079397.2.9qa3Ky&v=1
  16          */
  17          void TIME0_Int(uint32_t BaudRatePrescaler)
  18          {
  19   1               TMOD |= 0x01;//定时器0，工作方式1，16位计数
  20   1           TH0   =0; 
  21   1               TL0   =0;
  22   1               ET0 =0;
  23   1        
  24   1      }
*** WARNING C280 IN LINE 17 OF MAIN.C: 'BaudRatePrescaler': unreferenced local variable
  25          void delay(unsigned int x)
  26          {
  27   1              while(x--);
  28   1      }
  29          sbit PWM_pin=P3^7;
  30          int main(void)
  31          {
  32   1              unsigned char  raw_data[9]={0};
  33   1              unsigned int buf=0,distance=0;
  34   1              Usart_Int(9600);   
  35   1              TIME0_Int();
*** WARNING C209 IN LINE 35 OF MAIN.C: '_TIME0_Int': too few actual parameters
  36   1              while(PWM_pin);  //等待拉高
  37   1              while(1)
  38   1              {
  39   2                while(!PWM_pin); //等待拉低，启动定时
  40   2                ET0=1;
  41   2                TR0=1;
  42   2                while(PWM_pin);//等待拉高，关闭定时
  43   2                TR0=0x0;
  44   2                ET0=0x0;
  45   2      
  46   2                buf=(unsigned int)TH0<<8|TL0;  //读取定时器计数
  47   2                distance=(float)buf/110.592*12;//数据转换为距离，定时器计一次时间为12/11.0592（晶振）us，距离=时间(us)/
             -10
  48   2                raw_data[0] =distance>>8;
  49   2                raw_data[1] = distance;
  50   2                raw_data[2] =2; //模块默认模式
  51   2                send_3out(raw_data,3,0x15);//上传到上位机
C51 COMPILER V8.02   MAIN                                                                  01/16/2017 11:53:16 PAGE 2   

  52   2                 TH0   =0x0; 
  53   2                 TL0   =0x0;
  54   2               
  55   2              }
  56   1      }


MODULE INFORMATION:   STATIC OVERLAYABLE
   CODE SIZE        =    162    ----
   CONSTANT SIZE    =      9    ----
   XDATA SIZE       =   ----    ----
   PDATA SIZE       =   ----    ----
   DATA SIZE        =   ----      17
   IDATA SIZE       =   ----    ----
   BIT SIZE         =   ----    ----
END OF MODULE INFORMATION.


C51 COMPILATION COMPLETE.  2 WARNING(S),  0 ERROR(S)
