C51 COMPILER V9.00   MAIN                                                                  08/07/2015 12:02:02 PAGE 1   


C51 COMPILER V9.00, COMPILATION OF MODULE MAIN
OBJECT MODULE PLACED IN main.OBJ
COMPILER INVOKED BY: D:\软件安装\KEIL 4\C51\BIN\C51.EXE main.c LARGE BROWSE DEBUG OBJECTEXTEND

line level    source

   1          #include <REG51.H>  
   2          #include <intrins.h>
   3          #include <absacc.h>
   4          #include <stdio.h> 
   5          #include <math.h> 
   6          #include <string.h> 
   7          #include "uart.h"
   8          sfr P3M0 =0xb1;
   9          sfr P3M1 =0xb2;
  10          //#include "ds1302.c"
  11          #define uchar unsigned char
  12          #define uint  unsigned int
  13          int second,minute,hour,day,month,week,year,zwc,fwc,wdc,bal,txt,wendu;
  14          uchar xdata buf[64];
  15          /*******************测试单片机STC12LE5A60S2******************************/
  16          /*******************晶振 33MHz*******************************************/
  17          
  18          
  19          
  20          
  21          /**************************************************************************
  22           - 功能描述：51单片机的串口初始化
  23           - 隶属模块：STC51串口操作
  24           - 函数属性：外部，使用户使用
  25           - 参数说明：无
  26           - 返回说明：无
  27           **************************************************************************/
  28          void UART_Init()     
  29          {
  30   1       PCON|=0x00; //PCON的最高位SMOD=1时波特率加倍 
  31   1       TMOD=0x20;  //时器1为方式2 初值自动装入 产生波特率
  32   1       TH1=0xf7;   //定时器初始为0XF7，晶振为33MHz，本函数实际产生的波特率为9600bps
  33   1       TL1=0xf7;       //同上  f7
  34   1       SCON=0x50;      //串口设置为方式1,REN=1,允许接收
  35   1       TR1=1;      //启动定时器1
  36   1       ES=1;       //使能串口接收中断，
  37   1      // EA=1;     //打开所有中断
  38   1      }
  39          
  40          /**************************************************************************
  41           - 功能描述：51单片机的串口发送字节的函数
  42           - 隶属模块：STC51串口操作
  43           - 函数属性：外部，使用户使用
  44           - 参数说明：mydata:要发送的一个字节
  45           - 返回说明：无
  46           - 注：发送一个字节，是串口发送的基础操作
  47           **************************************************************************/
  48          void UART_Send_Byte(unsigned char mydata)       
  49          {
  50   1       ES=0;
  51   1       TI=0;
  52   1       SBUF=mydata;
  53   1       while(!TI);
  54   1       TI=0;
  55   1       ES=1;
C51 COMPILER V9.00   MAIN                                                                  08/07/2015 12:02:02 PAGE 2   

  56   1      }
  57          
  58          /**************************************************************************
  59           - 功能描述：51单片机的串口发送字符串
  60           - 隶属模块：STC51串口操作
  61           - 函数属性：外部，使用户使用
  62           - 参数说明：s:指向字符串的指针
  63           - 返回说明：无
  64           **************************************************************************/
  65          void UART_Send_Str(char *s)
  66          {
  67   1       int i=0;
  68   1       while(s[i]!=0)
  69   1       {
  70   2              UART_Send_Byte(s[i]);
  71   2              i++;
  72   2       }
  73   1       
  74   1      }
  75          void UART_Send_END(void)
  76          {
  77   1               UART_Send_Byte(0xFF);
  78   1               UART_Send_Byte(0xFF);
  79   1               UART_Send_Byte(0xFF);
  80   1      }
  81          /*
  82          void UART_Send_HEX(char *buff,char len)
  83          {
  84                  while(len--)
  85                  UART_Send_Byte(*buff++);
  86          }
  87          */
  88          void delayms(int count)  // /* X1ms */
  89          {
  90   1              int i,j;
  91   1              for(i=0;i<count;i++)
  92   1                      for(j=0;j<1000;j++);
  93   1      }
  94          
  95          
  96          /*
  97          void distime()                                   //显示时间             
  98          {                               
  99                                          
 100                                          sprintf(buf,"t0.txt=\"%02d:%02d:%02d\"",hour,minute,second);
 101                                      UART_Send_Str(buf);
 102                                          UART_Send_END();
 103                          sprintf(buf,"t1.txt=\"20%02d年%d月%2d日\"",year,month,day);
 104                                          UART_Send_Str(buf);
 105                                          UART_Send_END();                                                
 106                                          if(week==1)
 107                                          {
 108                                                  UART_Send_Str("t2.txt=\"星期一\"");
 109                                              UART_Send_END();
 110                                          }
 111                                          if(week==2)
 112                                          {
 113                                               UART_Send_Str("t2.txt=\"星期二\"");
 114                                               UART_Send_END();
 115                                           }
 116                                          if(week==3)
 117                                          {
C51 COMPILER V9.00   MAIN                                                                  08/07/2015 12:02:02 PAGE 3   

 118                                               UART_Send_Str("t2.txt=\"星期三\"");
 119                                               UART_Send_END();
 120                                           }
 121                                          if(week==4)
 122                                          {
 123                                               UART_Send_Str("t2.txt=\"星期四\"");
 124                                               UART_Send_END();
 125                                           }
 126                                          if(week==5)
 127                                          {
 128                                               UART_Send_Str("t2.txt=\"星期五\"");
 129                                               UART_Send_END();
 130                                           }
 131                                          if(week==6)
 132                                          {
 133                                               UART_Send_Str("t2.txt=\"星期六\"");
 134                                               UART_Send_END();
 135                                           }
 136                                          if(week==7)     
 137                                          {
 138                                               UART_Send_Str("t2.txt=\"星期六\"");
 139                                               UART_Send_END();
 140                                           }
 141                                                    
 142          }
 143          */
 144          void main(void)
 145          {
 146   1       uint s=0;
 147   1       second=50;minute=48;hour=12;day=15;month=7;week=2;year=16;bal=0;txt=0;wendu=0;
 148   1       P3M0&= ~0X02;
 149   1       P3M1|=0X02;   //TX强上拉
 150   1       UART_Init();  //初始化串口，板上的晶振为33MHz，实际的波特率为9600bps 
 151   1       delayms(80);//等待屏幕初始化,建议50ms以上
 152   1       UART_Send_END();//发送一次结束符，清除上电产生的串口杂波数据  
 153   1       UART_Send_Str("page 0");
 154   1       UART_Send_END(); 
 155   1       delayms(2000);
 156   1         while(s<=100)
 157   1        {
 158   2              s++;
 159   2              if(bal!=100)
 160   2              {
 161   3                      bal++;
 162   3                      txt++;
 163   3                      delayms(50);
 164   3                      sprintf(buf,"j0.val=%d",bal);
 165   3                      UART_Send_Str(buf);
 166   3                      UART_Send_END();
 167   3                      sprintf(buf,"t2.txt=\"%d%%\"",txt);
 168   3                      UART_Send_Str(buf);
 169   3                      UART_Send_END();
 170   3              }
 171   2              else
 172   2               {
 173   3                      UART_Send_Str("page 1");
 174   3                      UART_Send_END();
 175   3                      //UART_Send_Str("t2.txt=\"星期\"");     
 176   3                      //UART_Send_END();
 177   3                      while(1)
 178   3                      {
 179   4                              for(second=0;second<60;second++) 
C51 COMPILER V9.00   MAIN                                                                  08/07/2015 12:02:02 PAGE 4   

 180   4                              {       
 181   5                                      delayms(1000);
 182   5                                      sprintf(buf,"t0.txt=\"%02d:%02d:%02d\"",hour,minute,second);
 183   5                                      UART_Send_Str(buf);
 184   5                                      UART_Send_END();
 185   5                                      UART_Send_Str("t2.txt=\"星期四\"");
 186   5                                      UART_Send_END();
 187   5                                      sprintf(buf,"t3.txt=\"%d\"",wendu);
 188   5                                      UART_Send_Str(buf);
 189   5                                      UART_Send_END();
 190   5                                      wendu++;
 191   5                              }
 192   4                                      second=0;
 193   4                                      wendu=0;        
 194   4                       }
 195   3                      
 196   3               }
 197   2              
 198   2      
 199   2              }
 200   1              ;
 201   1       
 202   1      
 203   1      }
 204          
 205          


MODULE INFORMATION:   STATIC OVERLAYABLE
   CODE SIZE        =    645    ----
   CONSTANT SIZE    =     90    ----
   XDATA SIZE       =     90       5
   PDATA SIZE       =   ----    ----
   DATA SIZE        =   ----    ----
   IDATA SIZE       =   ----    ----
   BIT SIZE         =   ----    ----
END OF MODULE INFORMATION.


C51 COMPILATION COMPLETE.  0 WARNING(S),  0 ERROR(S)
